
Harry Potter and the Deathly HallowsJ. K. Rowling9780747595823
9780747595823 Backup has been updated 
9780747595823 Updated from API in Books Table
Page has been reached:
97807475958232
Harry Potter and the Deathly HallowsJ. K. Rowling9780747595823
9780747595823 Backup has been updated 
9780747595823 Updated from API in Books Table
Search Admin Book page has been reached:
2
Page has been reached:
97807475958232
Search Admin Book page has been reached:
2
Search Admin Book page has been reached:
2
Search Events By User page has been reached:
2
Mobile Login Page Reached:
U2FsdGVkX1+W8NavNa/bKaOGvwWfJi9qgGpReRrIeu0PhG7Ws0BUVPjY4LyN0KXs
Search Events By User page has been reached:
2
Search Admin Book page has been reached:
2
Search Admin Book page has been reached:
2
Search Events By User page has been reached:
2
Search Events By User page has been reached:
2
Search Events By User page has been reached:
2
The Shadow HunterMichael Prescott146921086
Search Admin Book page has been reached:
2
Page has been reached:
1469210862
Search Admin Book page has been reached:
2
Search Admin Book page has been reached:
2
Search Events By User page has been reached:
2
Search Events By User page has been reached:
2
Harry Potter and the Deathly HallowsJ. K. Rowling9780747595823
9780747595823 Backup has been updated 
9780747595823 Updated from API in Books Table
Search Admin Book page has been reached:
2
Search Admin Book page has been reached:
Search Admin Book page has been reached:
2
2
Search Events By User page has been reached:
2
Fifty Shades of GreyE. L. James606259090
606259090 Has been Backed Up
606259090 Updated from API in Books Table
Page has been reached:
6062590902
Fifty Shades of GreyE. L. James606259090
606259090 Backup has been updated 
606259090 Updated from API in Books Table
Search Admin Book page has been reached:
2
Page has been reached:
6062590902
Search Admin Book page has been reached:
Search Admin Book page has been reached:
2
2
Search Events By User page has been reached:
2
Search Events By User page has been reached:
2
Search Admin Book page has been reached:
2
Search Admin Book page has been reached:
2
Search Events By User page has been reached:
2
Harry Potter and the Deathly HallowsJ. K. Rowling9780747595823
9780747595823 Backup has been updated 
9780747595823 Updated from API in Books Table
Page has been reached:
97807475958232
Harry Potter and the Deathly HallowsJ. K. Rowling9780747595823
9780747595823 Backup has been updated 
9780747595823 Updated from API in Books Table
Search Admin Book page has been reached:
2
Page has been reached:
97807475958232
Search Admin Book page has been reached:
2
Search Admin Book page has been reached:
2
Search Events By User page has been reached:
2
Search Admin Book page has been reached:
2
Search Admin Book page has been reached:
2
Search Events By User page has been reached:
2
Search Events By User page has been reached:
2
Search Events By User page has been reached:
2
Search Events By User page has been reached:
2
Search Admin Book page has been reached:
Search Admin Book page has been reached:
2
2
Search Events By User page has been reached:
2
Search Admin Book page has been reached:
2
Search Admin Book page has been reached:
2
Search Events By User page has been reached:
2
Harry Potter and the Philosopher's StoneJ. K. Rowling9788478886548
Page has been reached:
97884788865482
Harry Potter and the Philosopher's StoneJ. K. Rowling9788478886548
9788478886548 Has been Backed Up
9788478886548 Updated from API in Books Table
Search Admin Book page has been reached:
2
Page has been reached:
97884788865482
Search Admin Book page has been reached:
Search Admin Book page has been reached:
2
2
Search Events By User page has been reached:
2
Search Admin Book page has been reached:
Search Admin Book page has been reached:
2
2
Search Events By User page has been reached:
2
